# JRE version: OpenJDK Runtime Environment (11.0+28) (build 11+28)
# Java VM: OpenJDK 64-Bit Server VM (11+28, mixed mode, tiered, compressed oops, g1 gc, windows-amd64)
Heap:
 garbage-first heap   total 260096K, used 142220K [0x0000000703e00000, 0x0000000800000000)
  region size 1024K, 137 young (140288K), 10 survivors (10240K)
 Metaspace       used 40532K, capacity 41826K, committed 42112K, reserved 1085440K
  class space    used 4853K, capacity 5383K, committed 5504K, reserved 1048576K
GC Heap History (10 events):
Event: 0.808 GC heap before
{Heap before GC invocations=0 (full 0):
 garbage-first heap   total 260096K, used 24576K [0x0000000703e00000, 0x0000000800000000)
  region size 1024K, 24 young (24576K), 0 survivors (0K)
 Metaspace       used 15437K, capacity 15794K, committed 16128K, reserved 1062912K
  class space    used 1581K, capacity 1697K, committed 1792K, reserved 1048576K
}
Event: 0.812 GC heap after
{Heap after GC invocations=1 (full 0):
 garbage-first heap   total 260096K, used 7742K [0x0000000703e00000, 0x0000000800000000)
  region size 1024K, 3 young (3072K), 3 survivors (3072K)
 Metaspace       used 15437K, capacity 15794K, committed 16128K, reserved 1062912K
  class space    used 1581K, capacity 1697K, committed 1792K, reserved 1048576K
}
Event: 0.974 GC heap before
{Heap before GC invocations=1 (full 0):
 garbage-first heap   total 260096K, used 53822K [0x0000000703e00000, 0x0000000800000000)
  region size 1024K, 49 young (50176K), 3 survivors (3072K)
 Metaspace       used 16314K, capacity 16745K, committed 17024K, reserved 1064960K
  class space    used 1689K, capacity 1844K, committed 1920K, reserved 1048576K
}
Event: 0.976 GC heap after
{Heap after GC invocations=2 (full 0):
 garbage-first heap   total 260096K, used 8046K [0x0000000703e00000, 0x0000000800000000)
  region size 1024K, 4 young (4096K), 4 survivors (4096K)
 Metaspace       used 16314K, capacity 16745K, committed 17024K, reserved 1064960K
  class space    used 1689K, capacity 1844K, committed 1920K, reserved 1048576K
}
Event: 1.311 GC heap before
{Heap before GC invocations=2 (full 0):
 garbage-first heap   total 260096K, used 28526K [0x0000000703e00000, 0x0000000800000000)
  region size 1024K, 25 young (25600K), 4 survivors (4096K)
 Metaspace       used 20599K, capacity 21197K, committed 21248K, reserved 1069056K
  class space    used 2298K, capacity 2552K, committed 2560K, reserved 1048576K
}
Event: 1.317 GC heap after
{Heap after GC invocations=3 (full 0):
 garbage-first heap   total 260096K, used 9181K [0x0000000703e00000, 0x0000000800000000)
  region size 1024K, 5 young (5120K), 5 survivors (5120K)
 Metaspace       used 20599K, capacity 21197K, committed 21248K, reserved 1069056K
  class space    used 2298K, capacity 2552K, committed 2560K, reserved 1048576K
}
Event: 1.754 GC heap before
{Heap before GC invocations=4 (full 0):
 garbage-first heap   total 260096K, used 70621K [0x0000000703e00000, 0x0000000800000000)
  region size 1024K, 66 young (67584K), 5 survivors (5120K)
 Metaspace       used 28387K, capacity 29156K, committed 29184K, reserved 1075200K
  class space    used 3245K, capacity 3568K, committed 3584K, reserved 1048576K
}
Event: 1.758 GC heap after
{Heap after GC invocations=5 (full 0):
 garbage-first heap   total 260096K, used 11097K [0x0000000703e00000, 0x0000000800000000)
  region size 1024K, 7 young (7168K), 7 survivors (7168K)
 Metaspace       used 28387K, capacity 29156K, committed 29184K, reserved 1075200K
  class space    used 3245K, capacity 3568K, committed 3584K, reserved 1048576K
}
Event: 2.731 GC heap before
{Heap before GC invocations=5 (full 0):
 garbage-first heap   total 260096K, used 103257K [0x0000000703e00000, 0x0000000800000000)
  region size 1024K, 99 young (101376K), 7 survivors (7168K)
 Metaspace       used 34710K, capacity 35717K, committed 35840K, reserved 1081344K
  class space    used 4069K, capacity 4473K, committed 4480K, reserved 1048576K
}
Event: 2.741 GC heap after
{Heap after GC invocations=6 (full 0):
 garbage-first heap   total 260096K, used 14220K [0x0000000703e00000, 0x0000000800000000)
  region size 1024K, 10 young (10240K), 10 survivors (10240K)
 Metaspace       used 34710K, capacity 35717K, committed 35840K, reserved 1081344K
  class space    used 4069K, capacity 4473K, committed 4480K, reserved 1048576K
}

